2025-08-20 15:00:31,885 INFO RPC interface 'supervisor' initialized
2025-08-20 15:00:31,885 CRIT Server 'unix_http_server' running without any HTTP authentication checking
2025-08-20 15:00:31,888 INFO daemonizing the supervisord process
2025-08-20 15:00:31,888 INFO supervisord started with pid 1748
2025-08-20 15:00:32,893 INFO spawned: 'webserver' with pid 1753
2025-08-20 15:00:34,001 INFO success: webserver entered RUNNING state, process has stayed up for > than 1 seconds (startsecs)
2025-08-20 18:12:30,472 INFO RPC interface 'supervisor' initialized
2025-08-20 18:12:30,472 CRIT Server 'unix_http_server' running without any HTTP authentication checking
2025-08-20 18:12:30,475 INFO daemonizing the supervisord process
2025-08-20 18:12:30,476 INFO supervisord started with pid 16774
2025-08-20 18:12:31,479 INFO spawned: 'webserver' with pid 16776
2025-08-20 18:12:31,564 WARN exited: webserver (exit status 1; not expected)
2025-08-20 18:12:32,568 INFO spawned: 'webserver' with pid 16778
2025-08-20 18:12:32,658 WARN exited: webserver (exit status 1; not expected)
2025-08-20 18:12:34,663 INFO spawned: 'webserver' with pid 16781
2025-08-20 18:12:34,753 WARN exited: webserver (exit status 1; not expected)
2025-08-20 18:12:37,759 INFO spawned: 'webserver' with pid 16785
2025-08-20 18:12:37,848 WARN exited: webserver (exit status 1; not expected)
2025-08-20 18:12:38,850 INFO gave up: webserver entered FATAL state, too many start retries too quickly
2025-08-30 16:11:47,344 INFO RPC interface 'supervisor' initialized
2025-08-30 16:11:47,345 CRIT Server 'unix_http_server' running without any HTTP authentication checking
2025-08-30 16:11:47,347 INFO daemonizing the supervisord process
2025-08-30 16:11:47,348 INFO supervisord started with pid 2691
2025-08-30 16:11:48,352 INFO spawned: 'webserver' with pid 2717
2025-08-30 16:11:49,442 INFO success: webserver entered RUNNING state, process has stayed up for > than 1 seconds (startsecs)
2025-08-30 16:22:10,757 WARN stopped: webserver (terminated by SIGTERM)
2025-08-30 16:22:10,766 INFO spawned: 'webserver' with pid 4012
2025-08-30 16:22:11,866 INFO success: webserver entered RUNNING state, process has stayed up for > than 1 seconds (startsecs)
2025-08-30 16:26:11,121 INFO waiting for webserver to stop
2025-08-30 16:26:11,123 WARN stopped: webserver (terminated by SIGTERM)
2025-08-30 16:26:11,126 INFO spawned: 'webserver' with pid 4700
2025-08-30 16:26:11,225 WARN exited: webserver (exit status 1; not expected)
2025-08-30 16:26:12,228 INFO spawned: 'webserver' with pid 4702
2025-08-30 16:26:12,328 WARN exited: webserver (exit status 1; not expected)
2025-08-30 16:26:14,334 INFO spawned: 'webserver' with pid 4705
2025-08-30 16:26:14,434 WARN exited: webserver (exit status 1; not expected)
2025-08-30 16:26:18,286 INFO spawned: 'webserver' with pid 4712
2025-08-30 16:26:18,389 WARN exited: webserver (exit status 1; not expected)
2025-08-30 16:26:19,390 INFO gave up: webserver entered FATAL state, too many start retries too quickly
2025-08-30 16:26:19,390 WARN received SIGTERM indicating exit request
2025-08-30 16:26:21,494 INFO RPC interface 'supervisor' initialized
2025-08-30 16:26:21,495 CRIT Server 'unix_http_server' running without any HTTP authentication checking
2025-08-30 16:26:21,497 INFO daemonizing the supervisord process
2025-08-30 16:26:21,498 INFO supervisord started with pid 4721
2025-08-30 16:26:22,503 INFO spawned: 'webserver' with pid 4723
2025-08-30 16:26:22,646 WARN exited: webserver (exit status 1; not expected)
2025-08-30 16:26:23,651 INFO spawned: 'webserver' with pid 4725
2025-08-30 16:26:23,794 WARN exited: webserver (exit status 1; not expected)
2025-08-30 16:26:26,392 INFO spawned: 'webserver' with pid 4730
2025-08-30 16:26:26,553 WARN exited: webserver (exit status 1; not expected)
2025-08-30 16:26:29,559 INFO spawned: 'webserver' with pid 4741
2025-08-30 16:26:29,717 WARN exited: webserver (exit status 1; not expected)
2025-08-30 16:26:29,718 INFO gave up: webserver entered FATAL state, too many start retries too quickly
2025-08-30 16:46:28,395 INFO spawned: 'webserver' with pid 7281
2025-08-30 16:46:29,483 INFO success: webserver entered RUNNING state, process has stayed up for > than 1 seconds (startsecs)
2025-08-30 16:54:31,286 INFO waiting for webserver to stop
2025-08-30 16:54:31,288 WARN stopped: webserver (terminated by SIGTERM)
2025-08-30 16:54:31,294 INFO spawned: 'webserver' with pid 8019
2025-08-30 16:54:32,389 INFO success: webserver entered RUNNING state, process has stayed up for > than 1 seconds (startsecs)
2025-08-30 16:56:24,818 INFO waiting for webserver to stop
2025-08-30 16:56:24,820 WARN stopped: webserver (terminated by SIGTERM)
2025-08-30 16:56:24,824 INFO spawned: 'webserver' with pid 8605
2025-08-30 16:56:25,955 INFO success: webserver entered RUNNING state, process has stayed up for > than 1 seconds (startsecs)
2025-08-30 19:47:33,627 INFO waiting for webserver to stop
2025-08-30 19:47:33,629 WARN stopped: webserver (terminated by SIGTERM)
2025-08-30 19:47:33,637 INFO spawned: 'webserver' with pid 21103
2025-08-30 19:47:34,752 INFO success: webserver entered RUNNING state, process has stayed up for > than 1 seconds (startsecs)
